<?xml version="1.0" encoding="UTF-8"?>
<testng-results skipped="0" failed="0" total="1" passed="1">
  <reporter-output>
  </reporter-output>
  <suite name="Default suite" duration-ms="25510" started-at="2022-07-22T02:49:37Z" finished-at="2022-07-22T02:50:03Z">
    <groups>
    </groups>
    <test name="Default test" duration-ms="25510" started-at="2022-07-22T02:49:37Z" finished-at="2022-07-22T02:50:03Z">
      <class name="org.testng.Amazon">
        <test-method status="PASS" signature="task()[pri:0, instance:org.testng.Amazon@e580929]" name="task" duration-ms="25475" started-at="2022-07-22T08:19:38Z" finished-at="2022-07-22T08:20:03Z">
          <reporter-output>
          </reporter-output>
        </test-method> <!-- task -->
      </class> <!-- org.testng.Amazon -->
    </test> <!-- Default test -->
  </suite> <!-- Default suite -->
</testng-results>
